# JRE version: OpenJDK Runtime Environment Temurin-17.0.12+7 (17.0.12+7) (build 17.0.12+7)
# Java VM: OpenJDK 64-Bit Server VM Temurin-17.0.12+7 (17.0.12+7, mixed mode, emulated-client, tiered, compressed oops, compressed class ptrs, g1 gc, windows-amd64)
GC Precious Log:
 CPUs: 8 total, 8 available
 Memory: 7991M
 Large Page Support: Disabled
 NUMA Support: Disabled
 Compressed Oops: Enabled (32-bit)
 Heap Region Size: 1M
 Heap Min Capacity: 8M
 Heap Initial Capacity: 126M
 Heap Max Capacity: 1G
 Pre-touch: Disabled
 Parallel Workers: 8
 Concurrent Workers: 2
 Concurrent Refinement Workers: 8
 Periodic GC: Disabled
Heap:
 garbage-first heap   total 75776K, used 25874K [0x00000000c0000000, 0x0000000100000000)
  region size 1024K, 1 young (1024K), 0 survivors (0K)
 Metaspace       used 42147K, committed 42560K, reserved 1114112K
  class space    used 5442K, committed 5632K, reserved 1048576K
GC Heap History (20 events):
Event: 149703.433 GC heap after
{Heap after GC invocations=14215 (full 14202):
 garbage-first heap   total 75776K, used 25874K [0x00000000c0000000, 0x0000000100000000)
  region size 1024K, 0 young (0K), 0 survivors (0K)
 Metaspace       used 42147K, committed 42560K, reserved 1114112K
  class space    used 5442K, committed 5632K, reserved 1048576K
}
Event: 149713.870 GC heap before
{Heap before GC invocations=14215 (full 14202):
 garbage-first heap   total 75776K, used 25874K [0x00000000c0000000, 0x0000000100000000)
  region size 1024K, 1 young (1024K), 0 survivors (0K)
 Metaspace       used 42147K, committed 42560K, reserved 1114112K
  class space    used 5442K, committed 5632K, reserved 1048576K
}
Event: 149713.905 GC heap after
{Heap after GC invocations=14216 (full 14203):
 garbage-first heap   total 75776K, used 25874K [0x00000000c0000000, 0x0000000100000000)
  region size 1024K, 0 young (0K), 0 survivors (0K)
 Metaspace       used 42147K, committed 42560K, reserved 1114112K
  class space    used 5442K, committed 5632K, reserved 1048576K
}
Event: 149724.415 GC heap before
{Heap before GC invocations=14216 (full 14203):
 garbage-first heap   total 75776K, used 25874K [0x00000000c0000000, 0x0000000100000000)
  region size 1024K, 1 young (1024K), 0 survivors (0K)
 Metaspace       used 42147K, committed 42560K, reserved 1114112K
  class space    used 5442K, committed 5632K, reserved 1048576K
}
Event: 149724.455 GC heap after
{Heap after GC invocations=14217 (full 14204):
 garbage-first heap   total 75776K, used 25874K [0x00000000c0000000, 0x0000000100000000)
  region size 1024K, 0 young (0K), 0 survivors (0K)
 Metaspace       used 42147K, committed 42560K, reserved 1114112K
  class space    used 5442K, committed 5632K, reserved 1048576K
}
Event: 149734.960 GC heap before
{Heap before GC invocations=14217 (full 14204):
 garbage-first heap   total 75776K, used 25874K [0x00000000c0000000, 0x0000000100000000)
  region size 1024K, 1 young (1024K), 0 survivors (0K)
 Metaspace       used 42147K, committed 42560K, reserved 1114112K
  class space    used 5442K, committed 5632K, reserved 1048576K
}
Event: 149735.002 GC heap after
{Heap after GC invocations=14218 (full 14205):
 garbage-first heap   total 75776K, used 25874K [0x00000000c0000000, 0x0000000100000000)
  region size 1024K, 0 young (0K), 0 survivors (0K)
 Metaspace       used 42147K, committed 42560K, reserved 1114112K
  class space    used 5442K, committed 5632K, reserved 1048576K
}
Event: 149745.519 GC heap before
{Heap before GC invocations=14218 (full 14205):
 garbage-first heap   total 75776K, used 25874K [0x00000000c0000000, 0x0000000100000000)
  region size 1024K, 1 young (1024K), 0 survivors (0K)
 Metaspace       used 42147K, committed 42560K, reserved 1114112K
  class space    used 5442K, committed 5632K, reserved 1048576K
}
Event: 149745.558 GC heap after
{Heap after GC invocations=14219 (full 14206):
 garbage-first heap   total 75776K, used 25874K [0x00000000c0000000, 0x0000000100000000)
  region size 1024K, 0 young (0K), 0 survivors (0K)
 Metaspace       used 42147K, committed 42560K, reserved 1114112K
  class space    used 5442K, committed 5632K, reserved 1048576K
}
Event: 149755.967 GC heap before
{Heap before GC invocations=14219 (full 14206):
 garbage-first heap   total 75776K, used 25874K [0x00000000c0000000, 0x0000000100000000)
  region size 1024K, 1 young (1024K), 0 survivors (0K)
 Metaspace       used 42147K, committed 42560K, reserved 1114112K
  class space    used 5442K, committed 5632K, reserved 1048576K
}
Event: 149756.006 GC heap after
{Heap after GC invocations=14220 (full 14207):
 garbage-first heap   total 75776K, used 25874K [0x00000000c0000000, 0x0000000100000000)
  region size 1024K, 0 young (0K), 0 survivors (0K)
 Metaspace       used 42147K, committed 42560K, reserved 1114112K
  class space    used 5442K, committed 5632K, reserved 1048576K
}
Event: 149766.448 GC heap before
{Heap before GC invocations=14220 (full 14207):
 garbage-first heap   total 75776K, used 25874K [0x00000000c0000000, 0x0000000100000000)
  region size 1024K, 1 young (1024K), 0 survivors (0K)
 Metaspace       used 42147K, committed 42560K, reserved 1114112K
  class space    used 5442K, committed 5632K, reserved 1048576K
}
Event: 149766.484 GC heap after
{Heap after GC invocations=14221 (full 14208):
 garbage-first heap   total 75776K, used 25874K [0x00000000c0000000, 0x0000000100000000)
  region size 1024K, 0 young (0K), 0 survivors (0K)
 Metaspace       used 42147K, committed 42560K, reserved 1114112K
  class space    used 5442K, committed 5632K, reserved 1048576K
}
Event: 149776.883 GC heap before
{Heap before GC invocations=14221 (full 14208):
 garbage-first heap   total 75776K, used 25874K [0x00000000c0000000, 0x0000000100000000)
  region size 1024K, 1 young (1024K), 0 survivors (0K)
 Metaspace       used 42147K, committed 42560K, reserved 1114112K
  class space    used 5442K, committed 5632K, reserved 1048576K
}
Event: 149776.918 GC heap after
{Heap after GC invocations=14222 (full 14209):
 garbage-first heap   total 75776K, used 25874K [0x00000000c0000000, 0x0000000100000000)
  region size 1024K, 0 young (0K), 0 survivors (0K)
 Metaspace       used 42147K, committed 42560K, reserved 1114112K
  class space    used 5442K, committed 5632K, reserved 1048576K
}
Event: 149787.273 GC heap before
{Heap before GC invocations=14222 (full 14209):
 garbage-first heap   total 75776K, used 25874K [0x00000000c0000000, 0x0000000100000000)
  region size 1024K, 1 young (1024K), 0 survivors (0K)
 Metaspace       used 42147K, committed 42560K, reserved 1114112K
  class space    used 5442K, committed 5632K, reserved 1048576K
}
Event: 149787.305 GC heap after
{Heap after GC invocations=14223 (full 14210):
 garbage-first heap   total 75776K, used 25874K [0x00000000c0000000, 0x0000000100000000)
  region size 1024K, 0 young (0K), 0 survivors (0K)
 Metaspace       used 42147K, committed 42560K, reserved 1114112K
  class space    used 5442K, committed 5632K, reserved 1048576K
}
Event: 149797.777 GC heap before
{Heap before GC invocations=14223 (full 14210):
 garbage-first heap   total 75776K, used 25874K [0x00000000c0000000, 0x0000000100000000)
  region size 1024K, 1 young (1024K), 0 survivors (0K)
 Metaspace       used 42147K, committed 42560K, reserved 1114112K
  class space    used 5442K, committed 5632K, reserved 1048576K
}
Event: 149797.818 GC heap after
{Heap after GC invocations=14224 (full 14211):
 garbage-first heap   total 75776K, used 25874K [0x00000000c0000000, 0x0000000100000000)
  region size 1024K, 0 young (0K), 0 survivors (0K)
 Metaspace       used 42147K, committed 42560K, reserved 1114112K
  class space    used 5442K, committed 5632K, reserved 1048576K
}
Event: 149808.352 GC heap before
{Heap before GC invocations=14224 (full 14211):
 garbage-first heap   total 75776K, used 25874K [0x00000000c0000000, 0x0000000100000000)
  region size 1024K, 1 young (1024K), 0 survivors (0K)
 Metaspace       used 42147K, committed 42560K, reserved 1114112K
  class space    used 5442K, committed 5632K, reserved 1048576K
}

