# JRE version: OpenJDK Runtime Environment Temurin-17.0.12+7 (17.0.12+7) (build 17.0.12+7)
# Java VM: OpenJDK 64-Bit Server VM Temurin-17.0.12+7 (17.0.12+7, mixed mode, emulated-client, tiered, compressed oops, compressed class ptrs, g1 gc, windows-amd64)
GC Precious Log:
 CPUs: 8 total, 8 available
 Memory: 7991M
 Large Page Support: Disabled
 NUMA Support: Disabled
 Compressed Oops: Enabled (32-bit)
 Heap Region Size: 1M
 Heap Min Capacity: 8M
 Heap Initial Capacity: 126M
 Heap Max Capacity: 1G
 Pre-touch: Disabled
 Parallel Workers: 8
 Concurrent Workers: 2
 Concurrent Refinement Workers: 8
 Periodic GC: Disabled
Heap:
 garbage-first heap   total 116736K, used 37018K [0x00000000c0000000, 0x0000000100000000)
  region size 1024K, 1 young (1024K), 0 survivors (0K)
 Metaspace       used 64239K, committed 64640K, reserved 1114112K
  class space    used 8005K, committed 8192K, reserved 1048576K
GC Heap History (20 events):
Event: 2469.673 GC heap after
{Heap after GC invocations=197 (full 176):
 garbage-first heap   total 116736K, used 37018K [0x00000000c0000000, 0x0000000100000000)
  region size 1024K, 0 young (0K), 0 survivors (0K)
 Metaspace       used 64239K, committed 64640K, reserved 1114112K
  class space    used 8005K, committed 8192K, reserved 1048576K
}
Event: 2479.932 GC heap before
{Heap before GC invocations=197 (full 176):
 garbage-first heap   total 116736K, used 37018K [0x00000000c0000000, 0x0000000100000000)
  region size 1024K, 1 young (1024K), 0 survivors (0K)
 Metaspace       used 64239K, committed 64640K, reserved 1114112K
  class space    used 8005K, committed 8192K, reserved 1048576K
}
Event: 2479.969 GC heap after
{Heap after GC invocations=198 (full 177):
 garbage-first heap   total 116736K, used 37018K [0x00000000c0000000, 0x0000000100000000)
  region size 1024K, 0 young (0K), 0 survivors (0K)
 Metaspace       used 64239K, committed 64640K, reserved 1114112K
  class space    used 8005K, committed 8192K, reserved 1048576K
}
Event: 2490.253 GC heap before
{Heap before GC invocations=198 (full 177):
 garbage-first heap   total 116736K, used 37018K [0x00000000c0000000, 0x0000000100000000)
  region size 1024K, 1 young (1024K), 0 survivors (0K)
 Metaspace       used 64239K, committed 64640K, reserved 1114112K
  class space    used 8005K, committed 8192K, reserved 1048576K
}
Event: 2490.298 GC heap after
{Heap after GC invocations=199 (full 178):
 garbage-first heap   total 116736K, used 37018K [0x00000000c0000000, 0x0000000100000000)
  region size 1024K, 0 young (0K), 0 survivors (0K)
 Metaspace       used 64239K, committed 64640K, reserved 1114112K
  class space    used 8005K, committed 8192K, reserved 1048576K
}
Event: 2500.566 GC heap before
{Heap before GC invocations=199 (full 178):
 garbage-first heap   total 116736K, used 37018K [0x00000000c0000000, 0x0000000100000000)
  region size 1024K, 1 young (1024K), 0 survivors (0K)
 Metaspace       used 64239K, committed 64640K, reserved 1114112K
  class space    used 8005K, committed 8192K, reserved 1048576K
}
Event: 2500.610 GC heap after
{Heap after GC invocations=200 (full 179):
 garbage-first heap   total 116736K, used 37018K [0x00000000c0000000, 0x0000000100000000)
  region size 1024K, 0 young (0K), 0 survivors (0K)
 Metaspace       used 64239K, committed 64640K, reserved 1114112K
  class space    used 8005K, committed 8192K, reserved 1048576K
}
Event: 2510.870 GC heap before
{Heap before GC invocations=200 (full 179):
 garbage-first heap   total 116736K, used 37018K [0x00000000c0000000, 0x0000000100000000)
  region size 1024K, 1 young (1024K), 0 survivors (0K)
 Metaspace       used 64239K, committed 64640K, reserved 1114112K
  class space    used 8005K, committed 8192K, reserved 1048576K
}
Event: 2510.912 GC heap after
{Heap after GC invocations=201 (full 180):
 garbage-first heap   total 116736K, used 37018K [0x00000000c0000000, 0x0000000100000000)
  region size 1024K, 0 young (0K), 0 survivors (0K)
 Metaspace       used 64239K, committed 64640K, reserved 1114112K
  class space    used 8005K, committed 8192K, reserved 1048576K
}
Event: 2521.175 GC heap before
{Heap before GC invocations=201 (full 180):
 garbage-first heap   total 116736K, used 37018K [0x00000000c0000000, 0x0000000100000000)
  region size 1024K, 1 young (1024K), 0 survivors (0K)
 Metaspace       used 64239K, committed 64640K, reserved 1114112K
  class space    used 8005K, committed 8192K, reserved 1048576K
}
Event: 2521.219 GC heap after
{Heap after GC invocations=202 (full 181):
 garbage-first heap   total 116736K, used 37018K [0x00000000c0000000, 0x0000000100000000)
  region size 1024K, 0 young (0K), 0 survivors (0K)
 Metaspace       used 64239K, committed 64640K, reserved 1114112K
  class space    used 8005K, committed 8192K, reserved 1048576K
}
Event: 2531.487 GC heap before
{Heap before GC invocations=202 (full 181):
 garbage-first heap   total 116736K, used 37018K [0x00000000c0000000, 0x0000000100000000)
  region size 1024K, 1 young (1024K), 0 survivors (0K)
 Metaspace       used 64239K, committed 64640K, reserved 1114112K
  class space    used 8005K, committed 8192K, reserved 1048576K
}
Event: 2531.530 GC heap after
{Heap after GC invocations=203 (full 182):
 garbage-first heap   total 116736K, used 37018K [0x00000000c0000000, 0x0000000100000000)
  region size 1024K, 0 young (0K), 0 survivors (0K)
 Metaspace       used 64239K, committed 64640K, reserved 1114112K
  class space    used 8005K, committed 8192K, reserved 1048576K
}
Event: 2541.792 GC heap before
{Heap before GC invocations=203 (full 182):
 garbage-first heap   total 116736K, used 37018K [0x00000000c0000000, 0x0000000100000000)
  region size 1024K, 1 young (1024K), 0 survivors (0K)
 Metaspace       used 64239K, committed 64640K, reserved 1114112K
  class space    used 8005K, committed 8192K, reserved 1048576K
}
Event: 2541.836 GC heap after
{Heap after GC invocations=204 (full 183):
 garbage-first heap   total 116736K, used 37018K [0x00000000c0000000, 0x0000000100000000)
  region size 1024K, 0 young (0K), 0 survivors (0K)
 Metaspace       used 64239K, committed 64640K, reserved 1114112K
  class space    used 8005K, committed 8192K, reserved 1048576K
}
Event: 2552.106 GC heap before
{Heap before GC invocations=204 (full 183):
 garbage-first heap   total 116736K, used 37018K [0x00000000c0000000, 0x0000000100000000)
  region size 1024K, 1 young (1024K), 0 survivors (0K)
 Metaspace       used 64239K, committed 64640K, reserved 1114112K
  class space    used 8005K, committed 8192K, reserved 1048576K
}
Event: 2552.145 GC heap after
{Heap after GC invocations=205 (full 184):
 garbage-first heap   total 116736K, used 37018K [0x00000000c0000000, 0x0000000100000000)
  region size 1024K, 0 young (0K), 0 survivors (0K)
 Metaspace       used 64239K, committed 64640K, reserved 1114112K
  class space    used 8005K, committed 8192K, reserved 1048576K
}
Event: 2562.803 GC heap before
{Heap before GC invocations=205 (full 184):
 garbage-first heap   total 116736K, used 37018K [0x00000000c0000000, 0x0000000100000000)
  region size 1024K, 1 young (1024K), 0 survivors (0K)
 Metaspace       used 64239K, committed 64640K, reserved 1114112K
  class space    used 8005K, committed 8192K, reserved 1048576K
}
Event: 2562.856 GC heap after
{Heap after GC invocations=206 (full 185):
 garbage-first heap   total 116736K, used 37018K [0x00000000c0000000, 0x0000000100000000)
  region size 1024K, 0 young (0K), 0 survivors (0K)
 Metaspace       used 64239K, committed 64640K, reserved 1114112K
  class space    used 8005K, committed 8192K, reserved 1048576K
}
Event: 2573.043 GC heap before
{Heap before GC invocations=206 (full 185):
 garbage-first heap   total 116736K, used 37018K [0x00000000c0000000, 0x0000000100000000)
  region size 1024K, 1 young (1024K), 0 survivors (0K)
 Metaspace       used 64239K, committed 64640K, reserved 1114112K
  class space    used 8005K, committed 8192K, reserved 1048576K
}

