# JRE version: OpenJDK Runtime Environment Temurin-17.0.12+7 (17.0.12+7) (build 17.0.12+7)
# Java VM: OpenJDK 64-Bit Server VM Temurin-17.0.12+7 (17.0.12+7, mixed mode, emulated-client, tiered, compressed oops, compressed class ptrs, g1 gc, windows-amd64)
GC Precious Log:
 CPUs: 8 total, 8 available
 Memory: 7991M
 Large Page Support: Disabled
 NUMA Support: Disabled
 Compressed Oops: Enabled (32-bit)
 Heap Region Size: 1M
 Heap Min Capacity: 8M
 Heap Initial Capacity: 126M
 Heap Max Capacity: 1G
 Pre-touch: Disabled
 Parallel Workers: 8
 Concurrent Workers: 2
 Concurrent Refinement Workers: 8
 Periodic GC: Disabled
Heap:
 garbage-first heap   total 126976K, used 45970K [0x00000000c0000000, 0x0000000100000000)
  region size 1024K, 1 young (1024K), 0 survivors (0K)
 Metaspace       used 64119K, committed 64640K, reserved 1114112K
  class space    used 7997K, committed 8256K, reserved 1048576K
GC Heap History (20 events):
Event: 168852.504 GC heap after
{Heap after GC invocations=16325 (full 16283):
 garbage-first heap   total 126976K, used 45970K [0x00000000c0000000, 0x0000000100000000)
  region size 1024K, 0 young (0K), 0 survivors (0K)
 Metaspace       used 64119K, committed 64640K, reserved 1114112K
  class space    used 7997K, committed 8256K, reserved 1048576K
}
Event: 168862.783 GC heap before
{Heap before GC invocations=16325 (full 16283):
 garbage-first heap   total 126976K, used 45970K [0x00000000c0000000, 0x0000000100000000)
  region size 1024K, 1 young (1024K), 0 survivors (0K)
 Metaspace       used 64119K, committed 64640K, reserved 1114112K
  class space    used 7997K, committed 8256K, reserved 1048576K
}
Event: 168862.827 GC heap after
{Heap after GC invocations=16326 (full 16284):
 garbage-first heap   total 126976K, used 45970K [0x00000000c0000000, 0x0000000100000000)
  region size 1024K, 0 young (0K), 0 survivors (0K)
 Metaspace       used 64119K, committed 64640K, reserved 1114112K
  class space    used 7997K, committed 8256K, reserved 1048576K
}
Event: 168873.067 GC heap before
{Heap before GC invocations=16326 (full 16284):
 garbage-first heap   total 126976K, used 45970K [0x00000000c0000000, 0x0000000100000000)
  region size 1024K, 1 young (1024K), 0 survivors (0K)
 Metaspace       used 64119K, committed 64640K, reserved 1114112K
  class space    used 7997K, committed 8256K, reserved 1048576K
}
Event: 168873.136 GC heap after
{Heap after GC invocations=16327 (full 16285):
 garbage-first heap   total 126976K, used 45970K [0x00000000c0000000, 0x0000000100000000)
  region size 1024K, 0 young (0K), 0 survivors (0K)
 Metaspace       used 64119K, committed 64640K, reserved 1114112K
  class space    used 7997K, committed 8256K, reserved 1048576K
}
Event: 168883.432 GC heap before
{Heap before GC invocations=16327 (full 16285):
 garbage-first heap   total 126976K, used 45970K [0x00000000c0000000, 0x0000000100000000)
  region size 1024K, 1 young (1024K), 0 survivors (0K)
 Metaspace       used 64119K, committed 64640K, reserved 1114112K
  class space    used 7997K, committed 8256K, reserved 1048576K
}
Event: 168883.489 GC heap after
{Heap after GC invocations=16328 (full 16286):
 garbage-first heap   total 126976K, used 45970K [0x00000000c0000000, 0x0000000100000000)
  region size 1024K, 0 young (0K), 0 survivors (0K)
 Metaspace       used 64119K, committed 64640K, reserved 1114112K
  class space    used 7997K, committed 8256K, reserved 1048576K
}
Event: 168893.825 GC heap before
{Heap before GC invocations=16328 (full 16286):
 garbage-first heap   total 126976K, used 45970K [0x00000000c0000000, 0x0000000100000000)
  region size 1024K, 1 young (1024K), 0 survivors (0K)
 Metaspace       used 64119K, committed 64640K, reserved 1114112K
  class space    used 7997K, committed 8256K, reserved 1048576K
}
Event: 168893.882 GC heap after
{Heap after GC invocations=16329 (full 16287):
 garbage-first heap   total 126976K, used 45970K [0x00000000c0000000, 0x0000000100000000)
  region size 1024K, 0 young (0K), 0 survivors (0K)
 Metaspace       used 64119K, committed 64640K, reserved 1114112K
  class space    used 7997K, committed 8256K, reserved 1048576K
}
Event: 168904.175 GC heap before
{Heap before GC invocations=16329 (full 16287):
 garbage-first heap   total 126976K, used 45970K [0x00000000c0000000, 0x0000000100000000)
  region size 1024K, 1 young (1024K), 0 survivors (0K)
 Metaspace       used 64119K, committed 64640K, reserved 1114112K
  class space    used 7997K, committed 8256K, reserved 1048576K
}
Event: 168904.219 GC heap after
{Heap after GC invocations=16330 (full 16288):
 garbage-first heap   total 126976K, used 45970K [0x00000000c0000000, 0x0000000100000000)
  region size 1024K, 0 young (0K), 0 survivors (0K)
 Metaspace       used 64119K, committed 64640K, reserved 1114112K
  class space    used 7997K, committed 8256K, reserved 1048576K
}
Event: 168914.480 GC heap before
{Heap before GC invocations=16330 (full 16288):
 garbage-first heap   total 126976K, used 45970K [0x00000000c0000000, 0x0000000100000000)
  region size 1024K, 1 young (1024K), 0 survivors (0K)
 Metaspace       used 64119K, committed 64640K, reserved 1114112K
  class space    used 7997K, committed 8256K, reserved 1048576K
}
Event: 168914.532 GC heap after
{Heap after GC invocations=16331 (full 16289):
 garbage-first heap   total 126976K, used 45970K [0x00000000c0000000, 0x0000000100000000)
  region size 1024K, 0 young (0K), 0 survivors (0K)
 Metaspace       used 64119K, committed 64640K, reserved 1114112K
  class space    used 7997K, committed 8256K, reserved 1048576K
}
Event: 168924.836 GC heap before
{Heap before GC invocations=16331 (full 16289):
 garbage-first heap   total 126976K, used 45970K [0x00000000c0000000, 0x0000000100000000)
  region size 1024K, 1 young (1024K), 0 survivors (0K)
 Metaspace       used 64119K, committed 64640K, reserved 1114112K
  class space    used 7997K, committed 8256K, reserved 1048576K
}
Event: 168924.883 GC heap after
{Heap after GC invocations=16332 (full 16290):
 garbage-first heap   total 126976K, used 45970K [0x00000000c0000000, 0x0000000100000000)
  region size 1024K, 0 young (0K), 0 survivors (0K)
 Metaspace       used 64119K, committed 64640K, reserved 1114112K
  class space    used 7997K, committed 8256K, reserved 1048576K
}
Event: 168935.431 GC heap before
{Heap before GC invocations=16332 (full 16290):
 garbage-first heap   total 126976K, used 45970K [0x00000000c0000000, 0x0000000100000000)
  region size 1024K, 1 young (1024K), 0 survivors (0K)
 Metaspace       used 64119K, committed 64640K, reserved 1114112K
  class space    used 7997K, committed 8256K, reserved 1048576K
}
Event: 168935.515 GC heap after
{Heap after GC invocations=16333 (full 16291):
 garbage-first heap   total 126976K, used 45970K [0x00000000c0000000, 0x0000000100000000)
  region size 1024K, 0 young (0K), 0 survivors (0K)
 Metaspace       used 64119K, committed 64640K, reserved 1114112K
  class space    used 7997K, committed 8256K, reserved 1048576K
}
Event: 168946.381 GC heap before
{Heap before GC invocations=16333 (full 16291):
 garbage-first heap   total 126976K, used 45970K [0x00000000c0000000, 0x0000000100000000)
  region size 1024K, 1 young (1024K), 0 survivors (0K)
 Metaspace       used 64119K, committed 64640K, reserved 1114112K
  class space    used 7997K, committed 8256K, reserved 1048576K
}
Event: 168946.489 GC heap after
{Heap after GC invocations=16334 (full 16292):
 garbage-first heap   total 126976K, used 45970K [0x00000000c0000000, 0x0000000100000000)
  region size 1024K, 0 young (0K), 0 survivors (0K)
 Metaspace       used 64119K, committed 64640K, reserved 1114112K
  class space    used 7997K, committed 8256K, reserved 1048576K
}
Event: 168956.549 GC heap before
{Heap before GC invocations=16334 (full 16292):
 garbage-first heap   total 126976K, used 45970K [0x00000000c0000000, 0x0000000100000000)
  region size 1024K, 1 young (1024K), 0 survivors (0K)
 Metaspace       used 64119K, committed 64640K, reserved 1114112K
  class space    used 7997K, committed 8256K, reserved 1048576K
}

